0 info it worked if it ends with ok
1 verbose cli [ 'C:\\Program Files\\nodejs\\node.exe',
1 verbose cli   'C:\\Users\\santiago\\Documents\\git\\proyecto-ionic-act\\volarys-back-end\\node_modules\\npm\\bin\\npm-cli.js',
1 verbose cli   'i',
1 verbose cli   '-g',
1 verbose cli   '@ionic/cli' ]
2 info using npm@2.15.12
3 info using node@v10.16.2
4 verbose install initial load of C:\Program Files\nodejs\package.json
5 verbose readDependencies loading dependencies from C:\Program Files\nodejs\package.json
6 silly cache add args [ '@ionic/cli', null ]
7 verbose cache add spec @ionic/cli
8 silly cache add parsed spec Result {
8 silly cache add   raw: '@ionic/cli',
8 silly cache add   scope: '@ionic',
8 silly cache add   name: '@ionic/cli',
8 silly cache add   rawSpec: '',
8 silly cache add   spec: 'latest',
8 silly cache add   type: 'tag' }
9 silly addNamed @ionic/cli@latest
10 verbose addNamed "latest" is being treated as a dist-tag for @ionic/cli
11 info addNameTag [ '@ionic/cli', 'latest' ]
12 silly mapToRegistry name @ionic/cli
13 silly mapToRegistry scope (from package name) @ionic
14 verbose mapToRegistry no registry URL found in name for scope @ionic
15 silly mapToRegistry using default registry
16 silly mapToRegistry registry https://skimdb.npmjs.com/registry
17 silly mapToRegistry data Result {
17 silly mapToRegistry   raw: '@ionic/cli',
17 silly mapToRegistry   scope: '@ionic',
17 silly mapToRegistry   name: '@ionic/cli',
17 silly mapToRegistry   rawSpec: '',
17 silly mapToRegistry   spec: 'latest',
17 silly mapToRegistry   type: 'tag' }
18 silly mapToRegistry uri https://skimdb.npmjs.com/registry/@ionic%2fcli
19 verbose addNameTag registry:https://skimdb.npmjs.com/registry/@ionic%2fcli not in flight; fetching
20 verbose request uri https://skimdb.npmjs.com/registry/@ionic%2fcli
21 verbose request no auth needed
22 info attempt registry request try #1 at 8:10:21 AM
23 verbose request id c23f3378f3d31cae
24 http request GET https://skimdb.npmjs.com/registry/@ionic%2fcli
25 http 200 https://skimdb.npmjs.com/registry/@ionic%2fcli
26 verbose headers { date: 'Sat, 19 Sep 2020 13:10:24 GMT',
26 verbose headers   'content-type': 'application/json',
26 verbose headers   'transfer-encoding': 'chunked',
26 verbose headers   connection: 'keep-alive',
26 verbose headers   server: 'CouchDB/2.1.1 (Erlang OTP/R16B03)',
26 verbose headers   etag: '"39-d9a0d99727fd43b17240475718be502b"',
26 verbose headers   'cache-control': 'must-revalidate',
26 verbose headers   'content-encoding': 'gzip',
26 verbose headers   'strict-transport-security': 'max-age=2592000000; includeSubDomains; preload;' }
27 silly get cb [ 200,
27 silly get   { date: 'Sat, 19 Sep 2020 13:10:24 GMT',
27 silly get     'content-type': 'application/json',
27 silly get     'transfer-encoding': 'chunked',
27 silly get     connection: 'keep-alive',
27 silly get     server: 'CouchDB/2.1.1 (Erlang OTP/R16B03)',
27 silly get     etag: '"39-d9a0d99727fd43b17240475718be502b"',
27 silly get     'cache-control': 'must-revalidate',
27 silly get     'content-encoding': 'gzip',
27 silly get     'strict-transport-security': 'max-age=2592000000; includeSubDomains; preload;' } ]
28 verbose get saving @ionic/cli to C:\Users\santiago\AppData\Roaming\npm-cache\skimdb.npmjs.com\registry\_40ionic_252fcli\.cache.json
29 verbose correctMkdir C:\Users\santiago\AppData\Roaming\npm-cache correctMkdir not in flight; initializing
30 silly addNameTag next cb for @ionic/cli with tag latest
31 silly addNamed @ionic/cli@6.11.8
32 verbose addNamed "6.11.8" is a plain semver version for @ionic/cli
33 silly mapToRegistry name @ionic/cli
34 silly mapToRegistry scope (from package name) @ionic
35 verbose mapToRegistry no registry URL found in name for scope @ionic
36 silly mapToRegistry using default registry
37 silly mapToRegistry registry https://skimdb.npmjs.com/registry
38 silly mapToRegistry data Result {
38 silly mapToRegistry   raw: '@ionic/cli',
38 silly mapToRegistry   scope: '@ionic',
38 silly mapToRegistry   name: '@ionic/cli',
38 silly mapToRegistry   rawSpec: '',
38 silly mapToRegistry   spec: 'latest',
38 silly mapToRegistry   type: 'tag' }
39 silly mapToRegistry uri https://skimdb.npmjs.com/registry/@ionic%2fcli
40 verbose addRemoteTarball https://registry.npmjs.org/@ionic/cli/-/cli-6.11.8.tgz not in flight; adding
41 verbose addRemoteTarball [ 'https://registry.npmjs.org/@ionic/cli/-/cli-6.11.8.tgz',
41 verbose addRemoteTarball   '000160f0134775cddda27579854c7bfd786e6ceb' ]
42 info retry fetch attempt 1 at 8:10:22 AM
43 info attempt registry request try #1 at 8:10:22 AM
44 http fetch GET https://registry.npmjs.org/@ionic/cli/-/cli-6.11.8.tgz
45 http fetch 200 https://registry.npmjs.org/@ionic/cli/-/cli-6.11.8.tgz
46 silly fetchAndShaCheck shasum 000160f0134775cddda27579854c7bfd786e6ceb
47 verbose addTmpTarball C:\Users\santiago\AppData\Local\Temp\npm-21100-bc7e7bb6\registry.npmjs.org\_40ionic\cli\-\cli-6.11.8.tgz not in flight; adding
48 verbose addTmpTarball already have metadata; skipping unpack for @ionic/cli@6.11.8
49 verbose correctMkdir C:\Users\santiago\AppData\Roaming\npm-cache correctMkdir not in flight; initializing
50 silly cache afterAdd @ionic/cli@6.11.8
51 verbose afterAdd C:\Users\santiago\AppData\Roaming\npm-cache\@ionic\cli\6.11.8\package\package.json not in flight; writing
52 verbose correctMkdir C:\Users\santiago\AppData\Roaming\npm-cache correctMkdir not in flight; initializing
53 verbose afterAdd C:\Users\santiago\AppData\Roaming\npm-cache\@ionic\cli\6.11.8\package\package.json written
54 silly install resolved [ { name: '@ionic/cli',
54 silly install resolved     version: '6.11.8',
54 silly install resolved     description:
54 silly install resolved      'A tool for creating and developing Ionic Framework mobile apps.',
54 silly install resolved     homepage: 'https://ionicframework.com',
54 silly install resolved     author:
54 silly install resolved      { name: 'Ionic Team',
54 silly install resolved        email: 'hi@ionic.io',
54 silly install resolved        url: 'https://ionicframework.com' },
54 silly install resolved     bin: { ionic: 'bin/ionic' },
54 silly install resolved     engines: { node: '>=10.3.0' },
54 silly install resolved     main: './index.js',
54 silly install resolved     types: './index.d.ts',
54 silly install resolved     scripts:
54 silly install resolved      { clean:
54 silly install resolved         'rimraf index.* bootstrap.* constants.* definitions.* guards.* lib commands',
54 silly install resolved        lint: 'true',
54 silly install resolved        build: 'npm run clean && tsc',
54 silly install resolved        watch: 'tsc -w --preserveWatchOutput',
54 silly install resolved        test: 'jest --maxWorkers=4',
54 silly install resolved        prepublishOnly: 'npm run build' },
54 silly install resolved     keywords:
54 silly install resolved      [ 'ionic',
54 silly install resolved        'ionic framework',
54 silly install resolved        'ionicframework',
54 silly install resolved        'mobile',
54 silly install resolved        'app',
54 silly install resolved        'hybrid',
54 silly install resolved        'cordova',
54 silly install resolved        'native',
54 silly install resolved        'phonegap' ],
54 silly install resolved     repository:
54 silly install resolved      { type: 'git',
54 silly install resolved        url: 'git+https://github.com/ionic-team/ionic-cli.git' },
54 silly install resolved     bugs: { url: 'https://github.com/ionic-team/ionic-cli/issues' },
54 silly install resolved     license: 'MIT',
54 silly install resolved     dependencies:
54 silly install resolved      { '@ionic/cli-framework': '5.0.4',
54 silly install resolved        '@ionic/cli-framework-output': '2.2.0',
54 silly install resolved        '@ionic/cli-framework-prompts': '2.1.6',
54 silly install resolved        '@ionic/utils-array': '2.1.5',
54 silly install resolved        '@ionic/utils-fs': '3.1.5',
54 silly install resolved        '@ionic/utils-network': '2.1.5',
54 silly install resolved        '@ionic/utils-process': '2.1.6',
54 silly install resolved        '@ionic/utils-stream': '3.1.5',
54 silly install resolved        '@ionic/utils-subprocess': '2.1.6',
54 silly install resolved        '@ionic/utils-terminal': '2.2.1',
54 silly install resolved        chalk: '^4.0.0',
54 silly install resolved        debug: '^4.0.0',
54 silly install resolved        diff: '^4.0.1',
54 silly install resolved        elementtree: '^0.1.7',
54 silly install resolved        leek: '0.0.24',
54 silly install resolved        lodash: '^4.17.5',
54 silly install resolved        open: '^7.0.4',
54 silly install resolved        'os-name': '^4.0.0',
54 silly install resolved        semver: '^7.1.1',
54 silly install resolved        split2: '^3.0.0',
54 silly install resolved        'ssh-config': '^1.1.1',
54 silly install resolved        'stream-combiner2': '^1.1.1',
54 silly install resolved        superagent: '^5.2.1',
54 silly install resolved        'superagent-proxy': '^2.0.0',
54 silly install resolved        tar: '^6.0.1',
54 silly install resolved        tslib: '^2.0.1' },
54 silly install resolved     devDependencies:
54 silly install resolved      { '@types/debug': '^4.1.1',
54 silly install resolved        '@types/diff': '^4.0.0',
54 silly install resolved        '@types/elementtree': '^0.1.0',
54 silly install resolved        '@types/jest': '^26.0.10',
54 silly install resolved        '@types/lodash': '^4.14.104',
54 silly install resolved        '@types/node': '~10.17.13',
54 silly install resolved        '@types/open': '~6.2.1',
54 silly install resolved        '@types/os-name': '^3.1.0',
54 silly install resolved        '@types/semver': '^7.1.0',
54 silly install resolved        '@types/split2': '^2.1.6',
54 silly install resolved        '@types/superagent': '^4.1.3',
54 silly install resolved        '@types/superagent-proxy': '^2.0.0',
54 silly install resolved        '@types/tar': '^4.0.0',
54 silly install resolved        jest: '^26.4.2',
54 silly install resolved        'jest-cli': '^26.0.1',
54 silly install resolved        'lint-staged': '^10.0.2',
54 silly install resolved        rimraf: '^3.0.0',
54 silly install resolved        'source-map': '^0.7.0',
54 silly install resolved        'ts-jest': '~26.3.0',
54 silly install resolved        typescript: '~4.0.2' },
54 silly install resolved     gitHead: 'e3853f3968f2b9c7fad9053b982f1c89ac96f0ed',
54 silly install resolved     _id: '@ionic/cli@6.11.8',
54 silly install resolved     _nodeVersion: '14.8.0',
54 silly install resolved     _npmVersion: 'lerna/3.22.1/node@v14.8.0+x64 (linux)',
54 silly install resolved     dist:
54 silly install resolved      { integrity:
54 silly install resolved         'sha512-AccCEMRLxzBBhpN/id6DvTAhU5NkNo/tSbuTTIbEgEZgyH6n+TlN9e7iFzmOhLKkwwwwDy7H4iYSR+xT38YaFw==',
54 silly install resolved        shasum: '000160f0134775cddda27579854c7bfd786e6ceb',
54 silly install resolved        tarball: 'https://registry.npmjs.org/@ionic/cli/-/cli-6.11.8.tgz',
54 silly install resolved        fileCount: 348,
54 silly install resolved        unpackedSize: 958974,
54 silly install resolved        'npm-signature':
54 silly install resolved         '-----BEGIN PGP SIGNATURE-----\r\nVersion: OpenPGP.js v3.0.4\r\nComment: https://openpgpjs.org\r\n\r\nwsFcBAEBCAAQBQJfUCiyCRA9TVsSAnZWagAAPtAP/R66Us6L7c21hHFxIpi7\nQSZBFupB9XlT0dK5rP50MjB7rfKrhih6wHFj/pDBhGS/68RjTejEdXw+QS7i\nU0hJbGsT6zY2+w26JedxTGSvu0SkMh/6CtRBnOHCy4dCerHkIHjvgprEqv6d\nMpScw33q71wFifBsIBDybQ8/j4XSfRCwKpL+ReLMk1w/+oZnRYpwI2shSf6Q\nTOY70RdCq0wr7MFOr5PmvXlSyki6HyR48lc2sJiLNbugd4bfLP2LX7JPvd2x\n4rdBaXSjNATQQ2tFJBhY5Cjux3dd969288PVPJXHo/lh5xPVBrj6JJ9EgVn6\npfWv5rAC4H9qlx6mPUP6i0HWvCF5qCAv1NN2zLLqh2uuaa2Grwwe+N4e8iBb\nGs9B0O5Ojipj7Nm2rwtT3xB/reRIkfEinP5BV2WuK2DVBdwDPd6wuNTX2Ynx\nPt/4sq+su7rU6wE8mubzO6ud6UKw/z0ZJ2I0kf9EHsjTirHSuNq+HPIFT1DJ\nx0vJGzQPqsTo57UNl7BKhGP9iNrXrJyfFkcAETFr28N/lG/pYM8z/NZKrPpY\nLi4GSOLce/QZztalIFssZ8CTcCnwp8qaskWy2CRriAZv00NBzMp+NOA8Qion\no+sc03T4Sb7CSce4TdUn3we5lOi41OvVB4/KcYnSswTBFWzrawbCgjiJhmvT\nxL0m\r\n=Kz93\r\n-----END PGP SIGNATURE-----\r\n' },
54 silly install resolved     maintainers:
54 silly install resolved      [ [Object],
54 silly install resolved        [Object],
54 silly install resolved        [Object],
54 silly install resolved        [Object],
54 silly install resolved        [Object],
54 silly install resolved        [Object],
54 silly install resolved        [Object],
54 silly install resolved        [Object],
54 silly install resolved        [Object],
54 silly install resolved        [Object],
54 silly install resolved        [Object],
54 silly install resolved        [Object],
54 silly install resolved        [Object],
54 silly install resolved        [Object],
54 silly install resolved        [Object],
54 silly install resolved        [Object],
54 silly install resolved        [Object],
54 silly install resolved        [Object],
54 silly install resolved        [Object],
54 silly install resolved        [Object],
54 silly install resolved        [Object],
54 silly install resolved        [Object],
54 silly install resolved        [Object] ],
54 silly install resolved     _npmUser: { name: 'ionicjs', email: 'hi@ionicframework.com' },
54 silly install resolved     directories: {},
54 silly install resolved     _npmOperationalInternal:
54 silly install resolved      { host: 's3://npm-registry-packages',
54 silly install resolved        tmp: 'tmp/cli_6.11.8_1599088818247_0.9830066266477788' },
54 silly install resolved     _hasShrinkwrap: false,
54 silly install resolved     _shasum: '000160f0134775cddda27579854c7bfd786e6ceb',
54 silly install resolved     _resolved: 'https://registry.npmjs.org/@ionic/cli/-/cli-6.11.8.tgz',
54 silly install resolved     _from: '@ionic/cli@latest' } ]
55 info install @ionic/cli@6.11.8 into C:\Program Files\nodejs
56 info installOne @ionic/cli@6.11.8
57 verbose installOne of @ionic/cli to C:\Program Files\nodejs not in flight; installing
58 verbose correctMkdir C:\Users\santiago\AppData\Roaming\npm-cache\_locks correctMkdir not in flight; initializing
59 verbose lock using C:\Users\santiago\AppData\Roaming\npm-cache\_locks\ionic-cli-59a620abde6f9d76.lock for C:\Program Files\nodejs\node_modules\@ionic\cli
60 silly install write writing @ionic/cli 6.11.8 to C:\Program Files\nodejs\node_modules\@ionic\cli
61 verbose unbuild node_modules\@ionic\cli
62 silly gentlyRm C:\Program Files\nodejs\node_modules\@ionic\cli is being purged from base C:\Program Files\nodejs
63 verbose gentlyRm don't care about contents; nuking C:\Program Files\nodejs\node_modules\@ionic\cli
64 verbose tar unpack C:\Users\santiago\AppData\Roaming\npm-cache\@ionic\cli\6.11.8\package.tgz
65 verbose tar unpacking to C:\Program Files\nodejs\node_modules\@ionic\cli
66 silly gentlyRm C:\Program Files\nodejs\node_modules\@ionic\cli is being purged
67 verbose gentlyRm don't care about contents; nuking C:\Program Files\nodejs\node_modules\@ionic\cli
68 silly gunzTarPerm modes [ '777', '666' ]
69 error tar.unpack untar error C:\Users\santiago\AppData\Roaming\npm-cache\@ionic\cli\6.11.8\package.tgz
70 verbose unlock done using C:\Users\santiago\AppData\Roaming\npm-cache\_locks\ionic-cli-59a620abde6f9d76.lock for C:\Program Files\nodejs\node_modules\@ionic\cli
71 verbose fstream_path C:\Program Files\nodejs\node_modules\@ionic\cli
72 verbose fstream_type Directory
73 verbose fstream_class DirWriter
74 verbose stack Error: EPERM: operation not permitted, mkdir 'C:\Program Files\nodejs\node_modules\@ionic'
75 verbose fstream_stack C:\Users\santiago\Documents\git\proyecto-ionic-act\volarys-back-end\node_modules\npm\node_modules\fstream\lib\writer.js:171:25
75 verbose fstream_stack C:\Users\santiago\Documents\git\proyecto-ionic-act\volarys-back-end\node_modules\npm\node_modules\mkdirp\index.js:47:53
75 verbose fstream_stack FSReqWrap.oncomplete (fs.js:153:21)
76 verbose cwd C:\Users\santiago\Documents\git\proyecto-ionic-act\volarys-back-end
77 error Windows_NT 10.0.18363
78 error argv "C:\\Program Files\\nodejs\\node.exe" "C:\\Users\\santiago\\Documents\\git\\proyecto-ionic-act\\volarys-back-end\\node_modules\\npm\\bin\\npm-cli.js" "i" "-g" "@ionic/cli"
79 error node v10.16.2
80 error npm  v2.15.12
81 error path C:\Program Files\nodejs\node_modules\@ionic
82 error code EPERM
83 error errno -4048
84 error syscall mkdir
85 error Error: EPERM: operation not permitted, mkdir 'C:\Program Files\nodejs\node_modules\@ionic'
85 error  { [Error: EPERM: operation not permitted, mkdir 'C:\Program Files\nodejs\node_modules\@ionic']
85 error   errno: -4048,
85 error   code: 'EPERM',
85 error   syscall: 'mkdir',
85 error   path: 'C:\\Program Files\\nodejs\\node_modules\\@ionic',
85 error   fstream_type: 'Directory',
85 error   fstream_path: 'C:\\Program Files\\nodejs\\node_modules\\@ionic\\cli',
85 error   fstream_class: 'DirWriter',
85 error   fstream_stack:
85 error    [ 'C:\\Users\\santiago\\Documents\\git\\proyecto-ionic-act\\volarys-back-end\\node_modules\\npm\\node_modules\\fstream\\lib\\writer.js:171:25',
85 error      'C:\\Users\\santiago\\Documents\\git\\proyecto-ionic-act\\volarys-back-end\\node_modules\\npm\\node_modules\\mkdirp\\index.js:47:53',
85 error      'FSReqWrap.oncomplete (fs.js:153:21)' ] }
86 error Please try running this command again as root/Administrator.
87 verbose exit [ -4048, true ]
88 verbose unbuild node_modules\@ionic\cli
89 silly gentlyRm C:\Program Files\nodejs\node_modules\@ionic\cli is being purged from base C:\Program Files\nodejs
90 verbose gentlyRm don't care about contents; nuking C:\Program Files\nodejs\node_modules\@ionic\cli
